<?xml version="1.0" encoding="UTF-8"?>
<testng-results skipped="0" failed="0" ignored="0" total="1" passed="1">
  <reporter-output>
  </reporter-output>
  <suite name="Default suite" duration-ms="58521" started-at="2019-09-08T07:54:53Z" finished-at="2019-09-08T07:55:52Z">
    <groups>
    </groups>
    <test name="Default test" duration-ms="58521" started-at="2019-09-08T07:54:53Z" finished-at="2019-09-08T07:55:52Z">
      <class name="FreeCrm.DatePickerCalendar.calendar">
        <test-method status="PASS" signature="CalendarControl()[pri:0, instance:FreeCrm.DatePickerCalendar.calendar@29ee9faa]" name="CalendarControl" duration-ms="58468" started-at="2019-09-08T07:54:53Z" finished-at="2019-09-08T07:55:52Z">
          <reporter-output>
          </reporter-output>
        </test-method> <!-- CalendarControl -->
      </class> <!-- FreeCrm.DatePickerCalendar.calendar -->
    </test> <!-- Default test -->
  </suite> <!-- Default suite -->
</testng-results>
